<?xml version="1.0" encoding="UTF-8"?>
<testsuite name="PostmanEchoTest" tests="1" skipped="0" failures="0" errors="0" timestamp="2023-06-22T20:09:39" hostname="DESKTOP-05IG4RJ" time="7.919">
  <properties/>
  <testcase name="shouldReturnSendData()" classname="PostmanEchoTest" time="7.919"/>
  <system-out><![CDATA[]]></system-out>
  <system-err><![CDATA[]]></system-err>
</testsuite>
