<?xml version="1.0" encoding="UTF-8"?>
<testsuite name="PostmanEchoTest" tests="1" skipped="0" failures="0" errors="0" timestamp="2023-06-24T14:19:59" hostname="DESKTOP-05IG4RJ" time="7.239">
  <properties/>
  <testcase name="shouldReturnSendData()" classname="PostmanEchoTest" time="7.239"/>
  <system-out><![CDATA[]]></system-out>
  <system-err><![CDATA[]]></system-err>
</testsuite>
